"Start of log file."
"C:/Users/Rami/DOCUME~1/TheNanny/Assets/RESOUR~1/CHARAC~1/models/madLady/madLady.max"
"Starting max loading and fbx conversion"
window = undefined
"Settings units"
"Before fbx export"
"After fbx export"
"Finished max loading and fbx conversion"
"C:/Users/Rami/DOCUME~1/TheNanny/Assets/RESOUR~1/CHARAC~1/models/madLady/madLady.max"
"Starting max loading and fbx conversion"
window = undefined
"Settings units"
"Before fbx export"
"After fbx export"
"Finished max loading and fbx conversion"
"C:/Users/Rami/DOCUME~1/TheNanny/Assets/RESOUR~1/CHARAC~1/models/madLady/madLady.max"
"Starting max loading and fbx conversion"
window = undefined
"Settings units"
"Before fbx export"
"After fbx export"
"Finished max loading and fbx conversion"
"C:/Users/Rami/DOCUME~1/TheNanny/Assets/RESOUR~1/CHARAC~1/models/madLady/madLady.max"
"Starting max loading and fbx conversion"
window = undefined
"Settings units"
"Before fbx export"
"After fbx export"
"Finished max loading and fbx conversion"
"C:/Users/Rami/DOCUME~1/TheNanny/Assets/RESOUR~1/CHARAC~1/models/madLady/madLady.max"
"Starting max loading and fbx conversion"
window = undefined
"Settings units"
"Before fbx export"
"After fbx export"
"Finished max loading and fbx conversion"
"C:/Users/Rami/DOCUME~1/TheNanny/Assets/RESOUR~1/CHARAC~1/models/madLady/madLady.max"
"Starting max loading and fbx conversion"
window = undefined
"Settings units"
"Before fbx export"
"After fbx export"
"Finished max loading and fbx conversion"
"C:/Users/Rami/DOCUME~1/TheNanny/Assets/RESOUR~1/CHARAC~1/models/madLady/madLady.max"
"Starting max loading and fbx conversion"
window = undefined
"Settings units"
"Before fbx export"
"After fbx export"
"Finished max loading and fbx conversion"
"C:/Users/Rami/DOCUME~1/TheNanny/Assets/RESOUR~1/CHARAC~1/models/madLady/madLady.max"
"Starting max loading and fbx conversion"
window = undefined
"Settings units"
"Before fbx export"
"After fbx export"
"Finished max loading and fbx conversion"
"C:/Users/Rami/DOCUME~1/TheNanny/Assets/RESOUR~1/CHARAC~1/models/madLady/madLady.max"
"Starting max loading and fbx conversion"
window = undefined
"Settings units"
"Before fbx export"
"After fbx export"
"Finished max loading and fbx conversion"
"C:/Users/Rami/DOCUME~1/TheNanny/Assets/RESOUR~1/CHARAC~1/models/madLady/madLady.max"
"Starting max loading and fbx conversion"
window = undefined
"Settings units"
"Before fbx export"
"After fbx export"
"Finished max loading and fbx conversion"
"C:/Users/Rami/DOCUME~1/TheNanny/Assets/RESOUR~1/CHARAC~1/models/madLady/madLady.max"
"Starting max loading and fbx conversion"
window = undefined
"Settings units"
"Before fbx export"
"After fbx export"
"Finished max loading and fbx conversion"
"C:/Users/Rami/DOCUME~1/TheNanny/Assets/RESOUR~1/CHARAC~1/models/madLady/madLady.max"
"Starting max loading and fbx conversion"
window = undefined
"Settings units"
"Before fbx export"
"After fbx export"
"Finished max loading and fbx conversion"
"C:/Users/Rami/DOCUME~1/TheNanny/Assets/RESOUR~1/CHARAC~1/models/madLady/madLady.max"
"Starting max loading and fbx conversion"
window = undefined
"Settings units"
"Before fbx export"
"After fbx export"
"Finished max loading and fbx conversion"
"C:/Users/Rami/DOCUME~1/TheNanny/Assets/RESOUR~1/CHARAC~1/models/madLady/madLady.max"
"Starting max loading and fbx conversion"
window = undefined
"Settings units"
"Before fbx export"
"After fbx export"
"Finished max loading and fbx conversion"
"C:/Users/Rami/DOCUME~1/TheNanny/Assets/RESOUR~1/CHARAC~1/models/madLady/madLady.max"
"Starting max loading and fbx conversion"
window = undefined
"Settings units"
"Before fbx export"
"After fbx export"
"Finished max loading and fbx conversion"
"C:/Users/Rami/DOCUME~1/TheNanny/Assets/RESOUR~1/CHARAC~1/models/madLady/madLady.max"
"Starting max loading and fbx conversion"
window = undefined
"Settings units"
"Before fbx export"
"After fbx export"
"Finished max loading and fbx conversion"
"C:/Users/Rami/DOCUME~1/TheNanny/Assets/RESOUR~1/CHARAC~1/models/madLady/madLady.max"
"Starting max loading and fbx conversion"
window = undefined
"Settings units"
"Before fbx export"
"After fbx export"
"Finished max loading and fbx conversion"
"C:/Users/Rami/DOCUME~1/TheNanny/Assets/RESOUR~1/CHARAC~1/models/madLady/madLady.max"
"Starting max loading and fbx conversion"
window = undefined
"Settings units"
"Before fbx export"
"After fbx export"
"Finished max loading and fbx conversion"
"C:/Users/Rami/DOCUME~1/TheNanny/Assets/RESOUR~1/CHARAC~1/models/madLady/madLady.max"
"Starting max loading and fbx conversion"
window = undefined
"Settings units"
"Before fbx export"
"After fbx export"
"Finished max loading and fbx conversion"
"C:/Users/Rami/DOCUME~1/TheNanny/Assets/RESOUR~1/CHARAC~1/models/madLady/madLady.max"
"Starting max loading and fbx conversion"
window = undefined
"Settings units"
"Before fbx export"
"After fbx export"
"Finished max loading and fbx conversion"
"C:/Users/Rami/DOCUME~1/TheNanny/Assets/RESOUR~1/CHARAC~1/models/madLady/madLady.max"
"Starting max loading and fbx conversion"
window = undefined
"Settings units"
"Before fbx export"
"After fbx export"
"Finished max loading and fbx conversion"
"C:/Users/Rami/DOCUME~1/TheNanny/Assets/RESOUR~1/CHARAC~1/models/madLady/madLady.max"
"Starting max loading and fbx conversion"
window = undefined
"Settings units"
"Before fbx export"
"After fbx export"
"Finished max loading and fbx conversion"
"C:/Users/Rami/DOCUME~1/TheNanny/Assets/RESOUR~1/CHARAC~1/models/madLady/madLady.max"
"Starting max loading and fbx conversion"
window = undefined
"Settings units"
"Before fbx export"
"After fbx export"
"Finished max loading and fbx conversion"
"C:/Users/Rami/DOCUME~1/TheNanny/Assets/RESOUR~1/CHARAC~1/models/madLady/madLady.max"
"Starting max loading and fbx conversion"
window = undefined
"Settings units"
"Before fbx export"
"After fbx export"
"Finished max loading and fbx conversion"
"C:/Users/Rami/DOCUME~1/TheNanny/Assets/RESOUR~1/CHARAC~1/models/madLady/madLady.max"
"Starting max loading and fbx conversion"
window = undefined
"Settings units"
"Before fbx export"
"After fbx export"
"Finished max loading and fbx conversion"
"C:/Users/Rami/DOCUME~1/TheNanny/Assets/RESOUR~1/CHARAC~1/models/madLady/madLady.max"
"Starting max loading and fbx conversion"
window = undefined
"Settings units"
"Before fbx export"
"After fbx export"
"Finished max loading and fbx conversion"
